<?xml version="1.0" encoding="UTF-8"?>
<testng-results skipped="0" failed="0" ignored="0" total="1" passed="1">
  <reporter-output>
  </reporter-output>
  <suite name="Suite" duration-ms="583" started-at="2022-12-21T10:02:14 IST" finished-at="2022-12-21T10:02:14 IST">
    <groups>
      <group name="sanity">
        <method signature="J.test1()[pri:0, instance:com.jen1.framework.J@5bb21b69]" name="test1" class="com.jen1.framework.J"/>
      </group> <!-- sanity -->
    </groups>
    <test name="Test" duration-ms="583" started-at="2022-12-21T10:02:14 IST" finished-at="2022-12-21T10:02:14 IST">
      <class name="com.jen1.framework.J">
        <test-method status="PASS" signature="test1()[pri:0, instance:com.jen1.framework.J@5bb21b69]" name="test1" duration-ms="31" started-at="2022-12-21T10:02:14 IST" finished-at="2022-12-21T10:02:14 IST">
          <reporter-output>
          </reporter-output>
        </test-method> <!-- test1 -->
      </class> <!-- com.jen1.framework.J -->
    </test> <!-- Test -->
  </suite> <!-- Suite -->
</testng-results>
